<?xml version="1.0" encoding="UTF-8"?>
<!-- Generated by org.testng.reporters.JUnitReportReporter -->
<testsuite skipped="0" hostname="Aarushi-pc" name="com.zm.test.FacebookPostTest" tests="1" failures="0" timestamp="27 May 2020 11:04:47 GMT" time="51.106" errors="0">
  <testcase name="FacebookPost" time="51.106" classname="com.zm.test.FacebookPostTest"/>
</testsuite> <!-- com.zm.test.FacebookPostTest -->
